<?xml version="1.0" encoding="UTF-8" ?>
<testsuite tests="1" failures="0" name="MapperTest" time="2.441" errors="0" skipped="0">
  <properties>
    <property name="java.runtime.name" value="Java(TM) SE Runtime Environment"/>
    <property name="sun.boot.library.path" value="D:\Tool\jdk1.8\jre\bin"/>
    <property name="java.vm.version" value="25.181-b13"/>
    <property name="java.vm.vendor" value="Oracle Corporation"/>
    <property name="maven.multiModuleProjectDirectory" value="D:\Tool\IntelliJ IDEA 2020.1.1\dwl\ssm-crud"/>
    <property name="java.vendor.url" value="http://java.oracle.com/"/>
    <property name="path.separator" value=";"/>
    <property name="guice.disable.misplaced.annotation.check" value="true"/>
    <property name="java.vm.name" value="Java HotSpot(TM) 64-Bit Server VM"/>
    <property name="file.encoding.pkg" value="sun.io"/>
    <property name="user.script" value=""/>
    <property name="user.country" value="CN"/>
    <property name="sun.java.launcher" value="SUN_STANDARD"/>
    <property name="sun.os.patch.level" value=""/>
    <property name="java.vm.specification.name" value="Java Virtual Machine Specification"/>
    <property name="user.dir" value="D:\Tool\IntelliJ IDEA 2020.1.1\dwl\ssm-crud"/>
    <property name="java.runtime.version" value="1.8.0_181-b13"/>
    <property name="java.awt.graphicsenv" value="sun.awt.Win32GraphicsEnvironment"/>
    <property name="java.endorsed.dirs" value="D:\Tool\jdk1.8\jre\lib\endorsed"/>
    <property name="os.arch" value="amd64"/>
    <property name="java.io.tmpdir" value="C:\Users\丁文良\AppData\Local\Temp\"/>
    <property name="line.separator" value="
"/>
    <property name="java.vm.specification.vendor" value="Oracle Corporation"/>
    <property name="user.variant" value=""/>
    <property name="os.name" value="Windows 10"/>
    <property name="maven.ext.class.path" value="D:\Tool\IntelliJ IDEA 2020.1.1\plugins\maven\lib\maven-event-listener.jar"/>
    <property name="classworlds.conf" value="D:\Tool\maven\apache-maven-3.8.3\bin\m2.conf"/>
    <property name="sun.jnu.encoding" value="GBK"/>
    <property name="java.library.path" value="D:\Tool\jdk1.8\bin;C:\WINDOWS\Sun\Java\bin;C:\WINDOWS\system32;C:\WINDOWS;D:\Tool\Anaconda3;D:\svn\bin;D:\Tool\maven\apache-maven-3.8.3\bin;D:\Tool\tomcat9\bin;D:\Tool\jdk1.8\bin;D:\Tool\jdk1.8\jre\bin;D:\Tool\hadoop-3.1.0\bin;D:\mysql-8.0.25-winx64;\bin;%GIT_HOME%\bin;C:\Windows\system32;C:\Windows;C:\Windows\System32\Wbem;C:\Windows\System32\WindowsPowerShell\v1.0\;C:\Windows\System32\OpenSSH\;C:\Program Files (x86)\NVIDIA Corporation\PhysX\Common;C:\WINDOWS\system32;C:\WINDOWS;C:\WINDOWS\System32\Wbem;C:\WINDOWS\System32\WindowsPowerShell\v1.0\;C:\WINDOWS\System32\OpenSSH\;D:\web\php7.3;C:\ProgramData\ComposerSetup\bin;D:\Tool\nodejs\;D:\Tool\Anaconda3\Scripts;D:\Tool\Anaconda3\Library\bin;D:\Tool\Anaconda3\Library\mingw-w64;D:\Tool\scala\bin;D:\Tool\Redis\;C:\Users\丁文良\AppData\Local\Microsoft\WindowsApps;C:\Users\丁文良\AppData\Roaming\Composer\vendor\bin;D:\Tool\IntelliJ IDEA 2020.1.1\bin;;D:\Tool\Microsoft VS Code\bin;C:\Users\丁文良\AppData\Roaming\npm;D:\Tool\MongoDB\bin;;."/>
    <property name="maven.conf" value="D:\Tool\maven\apache-maven-3.8.3/conf"/>
    <property name="java.specification.name" value="Java Platform API Specification"/>
    <property name="java.class.version" value="52.0"/>
    <property name="sun.management.compiler" value="HotSpot 64-Bit Tiered Compilers"/>
    <property name="maven.repo.local" value="D:\Tool\maven\software\m2\repository"/>
    <property name="os.version" value="10.0"/>
    <property name="user.home" value="C:\Users\丁文良"/>
    <property name="user.timezone" value="Asia/Shanghai"/>
    <property name="java.awt.printerjob" value="sun.awt.windows.WPrinterJob"/>
    <property name="java.specification.version" value="1.8"/>
    <property name="file.encoding" value="UTF-8"/>
    <property name="user.name" value="丁文良"/>
    <property name="java.class.path" value="D:\Tool\maven\apache-maven-3.8.3\boot\plexus-classworlds-2.6.0.jar;D:\Tool\maven\apache-maven-3.8.3\boot\plexus-classworlds.license;D:\Tool\IntelliJ IDEA 2020.1.1\lib\idea_rt.jar"/>
    <property name="java.vm.specification.version" value="1.8"/>
    <property name="sun.arch.data.model" value="64"/>
    <property name="java.home" value="D:\Tool\jdk1.8\jre"/>
    <property name="sun.java.command" value="org.codehaus.classworlds.Launcher -Didea.version2020.1.1 -s D:\Tool\maven\apache-maven-3.8.3\conf\settings.xml -Dmaven.repo.local=D:\Tool\maven\software\m2\repository package"/>
    <property name="java.specification.vendor" value="Oracle Corporation"/>
    <property name="user.language" value="zh"/>
    <property name="awt.toolkit" value="sun.awt.windows.WToolkit"/>
    <property name="idea.version2020.1.1" value="true"/>
    <property name="java.vm.info" value="mixed mode"/>
    <property name="java.version" value="1.8.0_181"/>
    <property name="java.ext.dirs" value="D:\Tool\jdk1.8\jre\lib\ext;C:\WINDOWS\Sun\Java\lib\ext"/>
    <property name="sun.boot.class.path" value="D:\Tool\jdk1.8\jre\lib\resources.jar;D:\Tool\jdk1.8\jre\lib\rt.jar;D:\Tool\jdk1.8\jre\lib\sunrsasign.jar;D:\Tool\jdk1.8\jre\lib\jsse.jar;D:\Tool\jdk1.8\jre\lib\jce.jar;D:\Tool\jdk1.8\jre\lib\charsets.jar;D:\Tool\jdk1.8\jre\lib\jfr.jar;D:\Tool\jdk1.8\jre\classes"/>
    <property name="java.vendor" value="Oracle Corporation"/>
    <property name="maven.home" value="D:\Tool\maven\apache-maven-3.8.3"/>
    <property name="file.separator" value="\"/>
    <property name="java.vendor.url.bug" value="http://bugreport.sun.com/bugreport/"/>
    <property name="sun.cpu.endian" value="little"/>
    <property name="sun.io.unicode.encoding" value="UnicodeLittle"/>
    <property name="sun.desktop" value="windows"/>
    <property name="sun.cpu.isalist" value="amd64"/>
  </properties>
  <testcase classname="MapperTest" name="testCRUD" time="2.441"/>
</testsuite>